d:\nghia\học tập nghĩa\cross-the-road\gameproject\debug\vc141.pdb
d:\nghia\học tập nghĩa\cross-the-road\gameproject\debug\vc141.idb
d:\nghia\học tập nghĩa\cross-the-road\gameproject\debug\main.obj
d:\nghia\học tập nghĩa\cross-the-road\gameproject\debug\header.obj
d:\nghia\học tập nghĩa\cross-the-road\gameproject\debug\cvehicle.obj
d:\nghia\học tập nghĩa\cross-the-road\gameproject\debug\ctruck.obj
d:\nghia\học tập nghĩa\cross-the-road\gameproject\debug\cdinosaur.obj
d:\nghia\học tập nghĩa\cross-the-road\gameproject\debug\ccar.obj
d:\nghia\học tập nghĩa\cross-the-road\gameproject\debug\cbird.obj
d:\nghia\học tập nghĩa\cross-the-road\gameproject\debug\canimal.obj
d:\nghia\học tập nghĩa\cross-the-road\gameproject\debug\cgame.obj
d:\nghia\học tập nghĩa\cross-the-road\gameproject\debug\cpeople.obj
d:\nghia\học tập nghĩa\cross-the-road\debug\gameproject.exe
d:\nghia\học tập nghĩa\cross-the-road\debug\gameproject.ilk
d:\nghia\học tập nghĩa\cross-the-road\debug\gameproject.pdb
d:\nghia\học tập nghĩa\cross-the-road\gameproject\debug\gameproject.tlog\cl.command.1.tlog
d:\nghia\học tập nghĩa\cross-the-road\gameproject\debug\gameproject.tlog\cl.read.1.tlog
d:\nghia\học tập nghĩa\cross-the-road\gameproject\debug\gameproject.tlog\cl.write.1.tlog
d:\nghia\học tập nghĩa\cross-the-road\gameproject\debug\gameproject.tlog\link.command.1.tlog
d:\nghia\học tập nghĩa\cross-the-road\gameproject\debug\gameproject.tlog\link.read.1.tlog
d:\nghia\học tập nghĩa\cross-the-road\gameproject\debug\gameproject.tlog\link.write.1.tlog
